16:21:17 [INFO] __main__ — CIRCA starting up…
16:21:17 [INFO] __main__ — Model path resolved: D:\FYP\CIRCA\models\yolov12_int8.xml
16:21:17 [WARNING] __main__ — Model file not found at '%s'.
16:21:19 [INFO] __main__ — MainWindow shown — entering Qt event loop.
16:21:19 [INFO] ui.main_window — MainWindow: starting Inference Thread…
16:21:20 [INFO] ui.main_window — MainWindow: 1 camera(s) found.
16:21:20 [INFO] ui.main_window — MainWindow: starting Camera Thread (device_index=0)…
16:21:20 [WARNING] ui.main_window — MainWindow: model file not found at 'D:\FYP\CIRCA\models\yolov12_int8.xml'. Inference disabled.
16:21:20 [INFO] workers.camera_worker — CameraWorker started — device_index=0
16:21:20 [INFO] workers.camera_worker — Camera opened at index 0 (DirectShow).
16:21:27 [INFO] ui.main_window — MainWindow: USB change detected — launching background scan.
16:21:32 [INFO] ui.main_window — MainWindow: camera list changed; updating dropdown.
16:21:32 [INFO] ui.main_window — MainWindow: camera selected — device_index=0
16:21:33 [INFO] workers.camera_worker — CameraWorker: VideoCapture released on shutdown.
16:21:33 [INFO] workers.camera_worker — CameraWorker.run() exited cleanly.
16:21:33 [INFO] ui.main_window — MainWindow: CameraWorker restarted on device_index=0.
16:21:33 [INFO] ui.main_window — MainWindow: background scan — 1 camera(s) found.
16:21:33 [INFO] workers.camera_worker — CameraWorker started — device_index=0
16:21:34 [INFO] workers.camera_worker — Camera opened at index 0 (DirectShow).
16:21:47 [INFO] ui.main_window — MainWindow: USB change detected — launching background scan.
16:21:47 [INFO] ui.main_window — MainWindow: camera list changed; updating dropdown.
16:21:47 [INFO] ui.main_window — MainWindow: camera selected — device_index=0
16:21:47 [INFO] workers.camera_worker — CameraWorker: VideoCapture released on shutdown.
16:21:47 [INFO] workers.camera_worker — CameraWorker.run() exited cleanly.
16:21:47 [INFO] ui.main_window — MainWindow: CameraWorker restarted on device_index=0.
16:21:47 [INFO] ui.main_window — MainWindow: background scan — 1 camera(s) found.
16:21:47 [INFO] workers.camera_worker — CameraWorker started — device_index=0
16:21:47 [INFO] workers.camera_worker — Camera opened at index 0 (DirectShow).
16:21:57 [INFO] ui.main_window — MainWindow: closeEvent — beginning safe shutdown.
16:21:57 [INFO] workers.camera_worker — CameraWorker: VideoCapture released on shutdown.
16:21:57 [INFO] workers.camera_worker — CameraWorker.run() exited cleanly.
16:21:57 [INFO] ui.main_window — MainWindow: all threads stopped — accepting close event.
16:21:57 [INFO] __main__ — CIRCA exiting — code 0.
